[21:31:24] [ServerMain/INFO]: Environment: Environment[sessionHost=https://sessionserver.mojang.com, servicesHost=https://api.minecraftservices.com, name=PROD]
[21:31:26] [ServerMain/INFO]: Loaded 1290 recipes
[21:31:26] [ServerMain/INFO]: Loaded 1399 advancements
[21:31:26] [Server thread/INFO]: Starting minecraft server version 1.21
[21:31:26] [Server thread/INFO]: Loading properties
[21:31:26] [Server thread/INFO]: This server is running Paper version 1.21-81-master@ceeb8c1 (2024-07-17T00:39:18Z) (Implementing API version 1.21-R0.1-SNAPSHOT)
[21:31:27] [Server thread/INFO]: Server Ping Player Sample Count: 12
[21:31:27] [Server thread/INFO]: Using 4 threads for Netty based IO
[21:31:28] [Server thread/INFO]: [ChunkTaskScheduler] Chunk system is using 1 I/O threads, 1 worker threads, and population gen parallelism of 1 threads
[21:31:28] [Server thread/INFO]: Default game type: SURVIVAL
[21:31:28] [Server thread/INFO]: Generating keypair
[21:31:28] [Server thread/INFO]: Starting Minecraft server on *:25565
[21:31:28] [Server thread/INFO]: Using epoll channel type
[21:31:28] [Server thread/INFO]: Paper: Using libdeflate (Linux x86_64) compression from Velocity.
[21:31:28] [Server thread/INFO]: Paper: Using OpenSSL 1.1.x (Linux x86_64) cipher from Velocity.
[21:31:28] [Server thread/INFO]: [floodgate] Loading server plugin floodgate v2.2.3-SNAPSHOT (b109-49bd564)
[21:31:30] [Server thread/WARN]: [floodgate] en_ is not a supported Floodgate language.
[21:31:31] [Server thread/INFO]: [floodgate] Took 2,239ms to boot Floodgate
[21:31:31] [Server thread/INFO]: [Geyser-Spigot] Loading server plugin Geyser-Spigot v2.4.0-SNAPSHOT
[21:31:31] [Server thread/WARN]: [Geyser-Spigot] Missing locale: en_
[21:31:33] [Server thread/INFO]: [Geyser-Spigot] Loading extensions...
[21:31:33] [Server thread/INFO]: [Geyser-Spigot] Loaded 0 extension(s)
[21:31:33] [Server thread/INFO]: Server permissions file permissions.yml is empty, ignoring it
[21:31:33] [Server thread/WARN]: **** SERVER IS RUNNING IN OFFLINE/INSECURE MODE!
[21:31:33] [Server thread/WARN]: The server will make no attempt to authenticate usernames. Beware.
[21:31:33] [Server thread/WARN]: While this makes the game possible to play without internet access, it also opens up the ability for hackers to connect with any username they choose.
[21:31:33] [Server thread/WARN]: To change this, set "online-mode" to "true" in the server.properties file.
[21:31:33] [Server thread/INFO]: Preparing level "world"
[21:31:33] [Server thread/INFO]: Preparing start region for dimension minecraft:overworld
[21:31:35] [Server thread/INFO]: Time elapsed: 1291 ms
[21:31:35] [Server thread/INFO]: Preparing start region for dimension minecraft:the_nether
[21:31:35] [Server thread/INFO]: Time elapsed: 251 ms
[21:31:35] [Server thread/INFO]: Preparing start region for dimension minecraft:the_end
[21:31:35] [Server thread/INFO]: Time elapsed: 127 ms
[21:31:35] [Server thread/INFO]: [floodgate] Enabling floodgate v2.2.3-SNAPSHOT (b109-49bd564)
[21:31:36] [Server thread/INFO]: [Geyser-Spigot] Enabling Geyser-Spigot v2.4.0-SNAPSHOT
[21:31:36] [Server thread/INFO]: [Geyser-Spigot] ******************************************
[21:31:36] [Server thread/INFO]: [Geyser-Spigot] 
[21:31:36] [Server thread/INFO]: [Geyser-Spigot] Loading Geyser version 2.4.0-b611 (git-master-9fe3acc)
[21:31:36] [Server thread/INFO]: [Geyser-Spigot] 
[21:31:36] [Server thread/INFO]: [Geyser-Spigot] ******************************************
[21:31:42] [epollEventLoopGroup-3-1/INFO]: [Geyser-Spigot] Started Geyser on 0.0.0.0:19132
[21:31:42] [Server thread/INFO]: [Geyser-Spigot] Done (6.296s)! Run /geyser help for help!
[21:31:43] [Server thread/INFO]: Running delayed init tasks
[21:31:43] [Server thread/INFO]: Done (16.268s)! For help, type "help"
[21:31:43] [Server thread/INFO]: Timings Reset
[21:33:37] [User Authenticator #0/INFO]: UUID of player justinVaneylen12 is b8b95bf1-c936-356f-be7c-7b5126906f80
[21:33:42] [Server thread/INFO]: justinVaneylen12 joined the game
[21:33:42] [Server thread/INFO]: justinVaneylen12[/[0:0:0:0:0:0:0:1%0]:58448] logged in with entity id 33 at ([world]-3.5, 72.0, -5.5)
[21:34:21] [Server thread/WARN]: justinVaneylen12 moved wrongly!
[21:34:22] [Server thread/INFO]: justinVaneylen12 fell from a high place
[21:34:55] [Server thread/INFO]: justinVaneylen12 lost connection: Timed out
[21:34:55] [Server thread/INFO]: justinVaneylen12 left the game
[21:35:53] [User Authenticator #1/INFO]: UUID of player JustinxxxVan is b2df7fb4-99c7-377e-a7d4-c095ee647054
[21:35:56] [Server thread/INFO]: JustinxxxVan joined the game
[21:35:56] [Server thread/INFO]: JustinxxxVan[/[0:0:0:0:0:0:0:1%0]:52338] logged in with entity id 954 at ([world]-335.11485201838076, 64.0, 1350.3761945181745)
[21:37:14] [Server thread/WARN]: JustinxxxVan was kicked for floating too long!
[21:37:14] [Server thread/INFO]: JustinxxxVan lost connection: Flying is not enabled on this server
[21:37:15] [Server thread/INFO]: JustinxxxVan left the game
[21:37:19] [User Authenticator #2/INFO]: UUID of player JustinxxxVan is b2df7fb4-99c7-377e-a7d4-c095ee647054
[21:37:20] [Server thread/INFO]: JustinxxxVan joined the game
[21:37:20] [Server thread/INFO]: JustinxxxVan[/[0:0:0:0:0:0:0:1%0]:41822] logged in with entity id 1494 at ([world]-347.32732847878225, 64.59133391291938, 1376.699999988079)
